CRITICAL - 2021-11-04 19:04:56 --> Undefined property: App\Controllers\Clientes::$cliente_model_
#0 C:\xampp\htdocs\cadastroclientes\app\Controllers\Clientes.php(28): CodeIgniter\Debug\Exceptions->errorHandler(2, 'Undefined prope...', 'C:\\xampp\\htdocs...', 28)
#1 C:\xampp\htdocs\cadastroclientes\system\CodeIgniter.php(802): App\Controllers\Clientes->store()
#2 C:\xampp\htdocs\cadastroclientes\system\CodeIgniter.php(399): CodeIgniter\CodeIgniter->runController(Object(App\Controllers\Clientes))
#3 C:\xampp\htdocs\cadastroclientes\system\CodeIgniter.php(317): CodeIgniter\CodeIgniter->handleRequest(NULL, Object(Config\Cache), false)
#4 C:\xampp\htdocs\cadastroclientes\public\index.php(37): CodeIgniter\CodeIgniter->run()
#5 {main}
CRITICAL - 2021-11-04 19:05:15 --> Undefined variable $cliente_model
#0 C:\xampp\htdocs\cadastroclientes\app\Controllers\Clientes.php(13): CodeIgniter\Debug\Exceptions->errorHandler(2, 'Undefined varia...', 'C:\\xampp\\htdocs...', 13)
#1 C:\xampp\htdocs\cadastroclientes\system\CodeIgniter.php(779): App\Controllers\Clientes->__construct()
#2 C:\xampp\htdocs\cadastroclientes\system\CodeIgniter.php(390): CodeIgniter\CodeIgniter->createController()
#3 C:\xampp\htdocs\cadastroclientes\system\CodeIgniter.php(317): CodeIgniter\CodeIgniter->handleRequest(NULL, Object(Config\Cache), false)
#4 C:\xampp\htdocs\cadastroclientes\public\index.php(37): CodeIgniter\CodeIgniter->run()
#5 {main}
CRITICAL - 2021-11-04 19:19:06 --> Undefined variable $data
#0 C:\xampp\htdocs\cadastroclientes\app\Controllers\Clientes.php(25): CodeIgniter\Debug\Exceptions->errorHandler(2, 'Undefined varia...', 'C:\\xampp\\htdocs...', 25)
#1 C:\xampp\htdocs\cadastroclientes\system\CodeIgniter.php(802): App\Controllers\Clientes->index()
#2 C:\xampp\htdocs\cadastroclientes\system\CodeIgniter.php(399): CodeIgniter\CodeIgniter->runController(Object(App\Controllers\Clientes))
#3 C:\xampp\htdocs\cadastroclientes\system\CodeIgniter.php(317): CodeIgniter\CodeIgniter->handleRequest(NULL, Object(Config\Cache), false)
#4 C:\xampp\htdocs\cadastroclientes\public\index.php(37): CodeIgniter\CodeIgniter->run()
#5 C:\xampp\htdocs\cadastroclientes\system\Commands\Server\rewrite.php(43): require_once('C:\\xampp\\htdocs...')
#6 {main}
CRITICAL - 2021-11-04 19:19:46 --> Undefined variable $data
#0 C:\xampp\htdocs\cadastroclientes\app\Controllers\Clientes.php(25): CodeIgniter\Debug\Exceptions->errorHandler(2, 'Undefined varia...', 'C:\\xampp\\htdocs...', 25)
#1 C:\xampp\htdocs\cadastroclientes\system\CodeIgniter.php(802): App\Controllers\Clientes->index()
#2 C:\xampp\htdocs\cadastroclientes\system\CodeIgniter.php(399): CodeIgniter\CodeIgniter->runController(Object(App\Controllers\Clientes))
#3 C:\xampp\htdocs\cadastroclientes\system\CodeIgniter.php(317): CodeIgniter\CodeIgniter->handleRequest(NULL, Object(Config\Cache), false)
#4 C:\xampp\htdocs\cadastroclientes\public\index.php(37): CodeIgniter\CodeIgniter->run()
#5 C:\xampp\htdocs\cadastroclientes\system\Commands\Server\rewrite.php(43): require_once('C:\\xampp\\htdocs...')
#6 {main}
